// Created by Crowbar 0.24.0.0

Compiling...

Using shader api: shaderapiempty.dll
qdir:    "d:\steam\steamapps\common\left 4 dead 2\left4dead2_2ndupdate\sources\props\forklift\compile\"
gamedir: "D:\Steam\steamapps\common\Left 4 Dead 2\left4dead2\"
g_path:  "forklift_hlmv.qc"
Building binary model files...
Working on "forklift_hlmv.qc"
SMD MODEL forklift.smd
SMD MODEL forklift_lod1.smd
SMD MODEL forklift_lod2.smd
SMD MODEL forklift_physics.smd
Processing LOD for material: forklift
Lod 1: vertexes: 2909 (318 new)
Lod 2: vertexes: 3267 (358 new)
Model has 19 convex sub-parts
Collision model completed.
---------------------
writing D:\Steam\steamapps\common\Left 4 Dead 2\left4dead2\models/forklift.mdl:
bones          964 bytes (1)
   animation       x       y       ips    angle
animations     112 bytes (1 anims) (1 frames) [0:00]
sequences      220 bytes (1 seq) 
ik/pose        164 bytes
eyeballs         0 bytes (0 eyeballs)
flexes           0 bytes (0 flexes)
textures        72 bytes
keyvalues      180 bytes
bone transforms        0 bytes
Collision model volume 218209.45 in^3
Please check if you need to delete D:\Steam\steamapps\common\Left 4 Dead 2\left4dead2\models/forklift.phz
collision        0 bytes
total         1924
---------------------
writing D:\Steam\steamapps\common\Left 4 Dead 2\left4dead2\models/forklift.vvd:
vertices    156816 bytes (3267 vertices)
tangents     52272 bytes (3267 vertices)
total       209152 bytes
---------------------
Generating optimized mesh "D:\Steam\steamapps\common\Left 4 Dead 2\left4dead2\models/forklift.dx90.vtx":
body parts:         8 bytes
models:            44 bytes
model LODs:        36 bytes
meshes:            27 bytes
strip groups:      75 bytes
strips:            81 bytes
verts:          54657 bytes
indices:        31032 bytes
bone changes:      48 bytes
everything:     86008 bytes

Completed "forklift_hlmv.qc"
CDynamicFunction: Loading library 'Kernel32.dll' (76020000)
CDynamicFunction: Lookup of 'TryEnterCriticalSection' in 'Kernel32.dll': 77BC09B0
CDynamicFunction: Loading library 'psapi.dll' (77AB0000)
CDynamicFunction: Lookup of 'GetProcessMemoryInfo' in 'psapi.dll': 77AB1480
CDynamicFunction: Closing library 'psapi.dll' (77AB0000)
CDynamicFunction: Closing library 'Kernel32.dll' (76020000)

Compiling...
